Subroutine longitude redefined at (eval 16) line 13.
Subroutine latitude redefined at (eval 16) line 14.
Wed May  6 17:47:45 2009  freenode-perlbot (23528): Chrisbot v.3 starting
Subroutine longitude redefined at (eval 16) line 13.
Subroutine latitude redefined at (eval 16) line 14.
Thu May  7 18:09:36 2009  freenode-perlbot (27726): Chrisbot v.3 starting
Subroutine longitude redefined at (eval 16) line 13.
Subroutine latitude redefined at (eval 16) line 14.
Thu May  7 18:12:24 2009  freenode-perlbot (27754): Chrisbot v.3 starting
Subroutine longitude redefined at (eval 16) line 13.
Subroutine latitude redefined at (eval 16) line 14.
Fri May  8 07:50:09 2009  freenode-perlbot ( 1481): Chrisbot v.3 starting
Subroutine longitude redefined at (eval 16) line 13.
Subroutine latitude redefined at (eval 16) line 14.
Sat May 30 07:47:45 2009  freenode-perlbot ( 1759): Chrisbot v.3 starting
Subroutine longitude redefined at (eval 16) line 13.
Subroutine latitude redefined at (eval 16) line 14.
Mon Jun  1 12:03:42 2009  freenode-perlbot (12989): Chrisbot v.3 starting
Subroutine longitude redefined at (eval 16) line 13.
Subroutine latitude redefined at (eval 16) line 14.
Sat Jun  6 16:22:46 2009  freenode-perlbot (18287): Chrisbot v.3 starting
Subroutine longitude redefined at (eval 16) line 13.
Subroutine latitude redefined at (eval 16) line 14.
Sat Jun  6 16:36:19 2009  freenode-perlbot (18379): Chrisbot v.3 starting
Subroutine longitude redefined at (eval 16) line 13.
Subroutine latitude redefined at (eval 16) line 14.
Tue Jun  9 14:22:42 2009  freenode-perlbot ( 6094): Chrisbot v.3 starting
Subroutine longitude redefined at (eval 16) line 13.
Subroutine latitude redefined at (eval 16) line 14.
Tue Jun  9 14:23:19 2009  freenode-perlbot ( 6101): Chrisbot v.3 starting
Subroutine longitude redefined at (eval 16) line 13.
Subroutine latitude redefined at (eval 16) line 14.
Tue Jun  9 14:28:34 2009  freenode-perlbot ( 6208): Chrisbot v.3 starting
Subroutine longitude redefined at (eval 16) line 13.
Subroutine latitude redefined at (eval 16) line 14.
Tue Jun  9 14:28:46 2009  freenode-perlbot ( 6211): Chrisbot v.3 starting
Subroutine longitude redefined at (eval 16) line 13.
Subroutine latitude redefined at (eval 16) line 14.
Sat Jun 13 18:59:35 2009  freenode-perlbot (  779): Chrisbot v.3 starting
Use of uninitialized value in unpack at (eval 17) line 5317.
Use of uninitialized value $country_id in array element at (eval 17) line 5307.
Use of uninitialized value in unpack at (eval 17) line 5317.
Use of uninitialized value $country_id in array element at (eval 17) line 5307.
Use of uninitialized value in unpack at (eval 17) line 5317.
Use of uninitialized value $country_id in array element at (eval 17) line 5307.
Use of uninitialized value in unpack at (eval 17) line 5317.
Use of uninitialized value $country_id in array element at (eval 17) line 5307.
Use of uninitialized value in unpack at (eval 17) line 5317.
Use of uninitialized value $country_id in array element at (eval 17) line 5307.
Use of uninitialized value in unpack at (eval 17) line 5317.
Use of uninitialized value $country_id in array element at (eval 17) line 5307.
Use of uninitialized value in unpack at (eval 17) line 5317.
Use of uninitialized value $country_id in array element at (eval 17) line 5307.
Use of uninitialized value in unpack at (eval 17) line 5317.
Use of uninitialized value $country_id in array element at (eval 17) line 5307.
Use of uninitialized value in unpack at (eval 17) line 5317.
Use of uninitialized value $country_id in array element at (eval 17) line 5307.
